Arguments: 
  C:\Program Files\nodejs\node.exe C:\Users\BOUNDARY\AppData\Roaming\npm\node_modules\yarn\bin\yarn.js add --dev gatsby-plugin-favicons

PATH: 
  C:\Users\BOUNDARY\bin;C:\Program Files\Git\mingw64\bin;C:\Program Files\Git\usr\local\bin;C:\Program Files\Git\usr\bin;C:\Program Files\Git\usr\bin;C:\Program Files\Git\mingw64\bin;C:\Program Files\Git\usr\bin;C:\Users\BOUNDARY\bin;C:\Windows\system32;C:\Windows;C:\Windows\System32\Wbem;C:\Windows\System32\WindowsPowerShell\v1.0;C:\Windows\System32\OpenSSH;C:\Program Files\Git\cmd;C:\Program Files\nodejs;C:\Users\BOUNDARY\AppData\Local\Microsoft\WindowsApps;C:\Users\BOUNDARY\AppData\Local\Programs\Microsoft VS Code\bin;C:\Users\BOUNDARY\AppData\Roaming\npm;C:\Program Files\Git\usr\bin\vendor_perl;C:\Program Files\Git\usr\bin\core_perl

Yarn version: 
  1.22.18

Node version: 
  16.14.2

Platform: 
  win32 x64

Trace: 
  Error: getaddrinfo EAI_AGAIN registry.yarnpkg.com
      at GetAddrInfoReqWrap.onlookup [as oncomplete] (node:dns:71:26)

npm manifest: 
  {
  	"name": "tech-hub",
  	"version": "1.0.0",
  	"private": true,
  	"description": "techHub",
  	"author": "shaif arfan",
  	"keywords": [
  		"gatsby"
  	],
  	"scripts": {
  		"dev": "gatsby develop",
  		"start": "gatsby develop",
  		"build": "gatsby build",
  		"serve": "gatsby serve",
  		"clean": "gatsby clean"
  	},
  	"dependencies": {
  		"@fontsource/inter": "^4.5.2",
  		"@fontsource/poppins": "^4.5.1",
  		"@portabletext/react": "^1.0.2",
  		"@sanity/asset-utils": "^1.2.3",
  		"axios": "^0.26.0",
  		"babel-plugin-styled-components": "^2.0.2",
  		"clsx": "^1.1.1",
  		"date-fns": "^2.28.0",
  		"gatsby": "^4.6.0",
  		"gatsby-plugin-image": "^2.6.0",
  		"gatsby-plugin-local-search": "^2.0.1",
  		"gatsby-plugin-manifest": "^4.13.0",
  		"gatsby-plugin-react-helmet": "^5.7.0",
  		"gatsby-plugin-sharp": "^4.6.0",
  		"gatsby-plugin-styled-components": "^5.6.0",
  		"gatsby-source-filesystem": "^4.6.0",
  		"gatsby-source-sanity": "^7.3.2",
  		"gatsby-transformer-sharp": "^4.6.0",
  		"normalize.css": "^8.0.1",
  		"react": "^17.0.1",
  		"react-dom": "^17.0.1",
  		"react-helmet": "^6.1.0",
  		"react-icons": "^4.3.1",
  		"react-syntax-highlighter": "^15.4.5",
  		"react-use-flexsearch": "^0.1.1",
  		"styled-components": "^5.3.3"
  	},
  	"devDependencies": {
  		"@types/react-syntax-highlighter": "^13.5.2",
  		"dotenv": "^16.0.0"
  	}
  }

yarn manifest: 
  No manifest

Lockfile: 
  No lockfile
